---------- Request Details ----------
Host: 127.0.0.1:36000
Method: DELETE
Protocol: HTTP/1.1
URL: http://127.0.0.1:36000/DeleteSessions
Path: /DeleteSessions
Accept: application/json
Host: 127.0.0.1:36000
User-Agent: xenia
Content-Type: application/json
charset: utf-8
ContentType: application/json
--------------------------------------------

---------- Request Details ----------
Host: 127.0.0.1:36000
Method: GET
Protocol: HTTP/1.1
URL: http://127.0.0.1:36000/title/4d5307d6/ports
Path: /title/4d5307d6/ports
Accept: application/json
Host: 127.0.0.1:36000
User-Agent: xenia
Content-Type: application/json
charset: utf-8
ContentType: application/json
--------------------------------------------

---------- Request Details ----------
Host: 127.0.0.1:36000
Method: DELETE
Protocol: HTTP/1.1
URL: http://127.0.0.1:36000/DeleteSessions
Path: /DeleteSessions
Accept: application/json
Host: 127.0.0.1:36000
User-Agent: xenia
Content-Type: application/json
charset: utf-8
ContentType: application/json
--------------------------------------------

---------- Request Details ----------
Host: 127.0.0.1:36000
Method: GET
Protocol: HTTP/1.1
URL: http://127.0.0.1:36000/title/4d5307d6/ports
Path: /title/4d5307d6/ports
Accept: application/json
Host: 127.0.0.1:36000
User-Agent: xenia
Content-Type: application/json
charset: utf-8
ContentType: application/json
--------------------------------------------

---------- Request Details ----------
Host: 127.0.0.1:36000
Method: GET
Protocol: HTTP/1.1
URL: http://127.0.0.1:36000/whoami
Path: /whoami
Accept: application/json
Host: 127.0.0.1:36000
User-Agent: xenia
Content-Type: application/json
charset: utf-8
ContentType: application/json
--------------------------------------------

---------- Request Details ----------
Host: 127.0.0.1:36000
Method: POST
Protocol: HTTP/1.1
URL: http://127.0.0.1:36000/players
Path: /players
Accept: application/json
Host: 127.0.0.1:36000
User-Agent: xenia
Content-Type: application/json
Content-Length: 141
charset: utf-8
ContentLength: 141
ContentType: application/json
---------- Request Body ----------
{
    "xuid": "00bef139d7865962",
    "machineId": "fa00286b4a6c676f",
    "hostAddress": "71.74.128.154",
    "macAddress": "286b4a6c676f"
}
--------------------------------------------

---------- Request Details ----------
Host: 127.0.0.1:36000
Method: GET
Protocol: HTTP/1.1
URL: http://127.0.0.1:36000/title/4d5307d6/ports
Path: /title/4d5307d6/ports
Accept: application/json
Host: 127.0.0.1:36000
User-Agent: xenia
Content-Type: application/json
charset: utf-8
ContentType: application/json
--------------------------------------------

---------- Request Details ----------
Host: 127.0.0.1:36000
Method: GET
Protocol: HTTP/1.1
URL: http://127.0.0.1:36000/whoami
Path: /whoami
Accept: application/json
Host: 127.0.0.1:36000
User-Agent: xenia
Content-Type: application/json
charset: utf-8
ContentType: application/json
--------------------------------------------

---------- Request Details ----------
Host: 127.0.0.1:36000
Method: POST
Protocol: HTTP/1.1
URL: http://127.0.0.1:36000/players
Path: /players
Accept: application/json
Host: 127.0.0.1:36000
User-Agent: xenia
Content-Type: application/json
Content-Length: 141
charset: utf-8
ContentLength: 141
ContentType: application/json
---------- Request Body ----------
{
    "xuid": "00bef139d7865962",
    "machineId": "fa00286b4a6c676f",
    "hostAddress": "71.74.128.154",
    "macAddress": "286b4a6c676f"
}
--------------------------------------------

---------- Request Details ----------
Host: 127.0.0.1:36000
Method: POST
Protocol: HTTP/1.1
URL: http://127.0.0.1:36000/leaderboards/find
Path: /leaderboards/find
Accept: application/json
Host: 127.0.0.1:36000
User-Agent: xenia
Content-Type: application/json
Content-Length: 257
charset: utf-8
ContentLength: 257
ContentType: application/json
---------- Request Body ----------
{
    "players": [
        "00bef139d7865962"
    ],
    "titleId": "4d5307d6",
    "queries": [
        {
            "id": 4294836224,
            "statisticIds": [
                63,
                64,
                61
            ]
        }
    ]
}
--------------------------------------------

---------- Request Details ----------
Host: 127.0.0.1:36000
Method: POST
Protocol: HTTP/1.1
URL: http://127.0.0.1:36000/title/4d5307d6/sessions
Path: /title/4d5307d6/sessions
Accept: application/json
Host: 127.0.0.1:36000
User-Agent: xenia
Content-Type: application/json
Content-Length: 221
charset: utf-8
ContentLength: 221
ContentType: application/json
---------- Request Body ----------
{
    "sessionId": "cb6f1a3298fab57c",
    "flags": 35,
    "publicSlotsCount": 16,
    "privateSlotsCount": 0,
    "userIndex": 0,
    "hostAddress": "71.74.128.154",
    "macAddress": "286b4a6c676f",
    "port": 36000
}
--------------------------------------------

---------- Request Details ----------
Host: 127.0.0.1:36000
Method: POST
Protocol: HTTP/1.1
URL: http://127.0.0.1:36000/title/4d5307d6/sessions/cb6f1a3298fab57c/modify
Path: /title/4d5307d6/sessions/cb6f1a3298fab57c/modify
Accept: application/json
Host: 127.0.0.1:36000
User-Agent: xenia
Content-Type: application/json
Content-Length: 76
charset: utf-8
ContentLength: 76
ContentType: application/json
---------- Request Body ----------
{
    "flags": 547,
    "publicSlotsCount": 16,
    "privateSlotsCount": 0
}
--------------------------------------------

---------- Request Details ----------
Host: 127.0.0.1:36000
Method: POST
Protocol: HTTP/1.1
URL: http://127.0.0.1:36000/leaderboards/find
Path: /leaderboards/find
Accept: application/json
Host: 127.0.0.1:36000
User-Agent: xenia
Content-Type: application/json
Content-Length: 257
charset: utf-8
ContentLength: 257
ContentType: application/json
---------- Request Body ----------
{
    "players": [
        "00bef139d7865962"
    ],
    "titleId": "4d5307d6",
    "queries": [
        {
            "id": 4294836224,
            "statisticIds": [
                63,
                64,
                61
            ]
        }
    ]
}
--------------------------------------------

---------- Request Details ----------
Host: 127.0.0.1:36000
Method: POST
Protocol: HTTP/1.1
URL: http://127.0.0.1:36000/leaderboards/find
Path: /leaderboards/find
Accept: application/json
Host: 127.0.0.1:36000
User-Agent: xenia
Content-Type: application/json
Content-Length: 257
charset: utf-8
ContentLength: 257
ContentType: application/json
---------- Request Body ----------
{
    "players": [
        "00bef139d7865962"
    ],
    "titleId": "4d5307d6",
    "queries": [
        {
            "id": 4294836224,
            "statisticIds": [
                63,
                64,
                61
            ]
        }
    ]
}
--------------------------------------------

